<?xml version="1.0" encoding="UTF-8"?>
<!-- Generated by org.testng.reporters.JUnitReportReporter -->
<testsuite hostname="AGI-LT-2202" failures="0" tests="1" name="Blazedemotest.base" time="2.029" errors="0" timestamp="2021-12-31T19:16:32 IST" skipped="0">
  <testcase classname="Blazedemotest.base" name="Browsercall" time="2.029"/>
  <system-out/>
</testsuite> <!-- Blazedemotest.base -->
