<?xml version="1.0" encoding="UTF-8"?>
<!-- Generated by org.testng.reporters.JUnitReportReporter -->
<testsuite hostname="AGI-LT-2202" failures="0" tests="2" name="Blazedemotest.FlightBookingtest" time="7.214" errors="0" timestamp="2022-01-01T11:06:56 IST" skipped="0">
  <testcase classname="Blazedemotest.FlightBookingtest" name="Browsercall" time="1.893"/>
  <system-out/>
  <testcase classname="Blazedemotest.FlightBookingtest" name="Ts002" time="5.321"/>
  <system-out/>
</testsuite> <!-- Blazedemotest.FlightBookingtest -->
