<?xml version="1.0" encoding="UTF-8"?>
<!-- Generated by org.testng.reporters.JUnitReportReporter -->
<testsuite hostname="AGI-LT-2202" failures="0" tests="2" name="Blazedemotest.Travelhomepagetest" time="14.114" errors="0" timestamp="2021-12-31T19:18:02 IST" skipped="0">
  <testcase classname="Blazedemotest.Travelhomepagetest" name="Browsercall" time="3.515"/>
  <system-out/>
  <testcase classname="Blazedemotest.Travelhomepagetest" name="Ts002" time="10.599"/>
  <system-out/>
</testsuite> <!-- Blazedemotest.Travelhomepagetest -->
